#
# There is insufficient memory for the Java Runtime Environment to continue.
# Native memory allocation (malloc) failed to allocate 32744 bytes for ChunkPool::allocate
# Possible reasons:
#   The system is out of physical RAM or swap space
#   In 32 bit mode, the process size limit was hit
# Possible solutions:
#   Reduce memory load on the system
#   Increase physical memory or swap space
#   Check if swap backing store is full
#   Use 64 bit Java on a 64 bit OS
#   Decrease Java heap size (-Xmx/-Xms)
#   Decrease number of Java threads
#   Decrease Java thread stack sizes (-Xss)
#   Set larger code cache with -XX:ReservedCodeCacheSize=
# This output file may be truncated or incomplete.
#
#  Out of Memory Error (allocation.cpp:273), pid=10464, tid=0x0000000000001d5c
#
# JRE version: Java(TM) SE Runtime Environment (8.0_144-b01) (build 1.8.0_144-b01)
# Java VM: Java HotSpot(TM) 64-Bit Server VM (25.144-b01 mixed mode windows-amd64 compressed oops)
# Failed to write core dump. Minidumps are not enabled by default on client versions of Windows
#

---------------  T H R E A D  ---------------

Current thread (0x0000000016fc5800):  JavaThread "C1 CompilerThread2" daemon [_thread_in_native, id=7516, stack(0x00000000175b0000,0x00000000176b0000)]

Stack: [0x00000000175b0000,0x00000000176b0000]
[error occurred during error reporting (printing stack bounds), id 0xc0000005]

Native frames: (J=compiled Java code, j=interpreted, Vv=VM code, C=native code)


Current CompileTask:
C1:  14368 1029   !   3      
[error occurred during error reporting (printing current compile task), id 0xe0000001]


---------------  P R O C E S S  ---------------

Java Threads: ( => current thread )
  0x0000000017be5000 JavaThread "TimerQueue" daemon [_thread_blocked, id=10356, stack(0x0000000019ef0000,0x0000000019ff0000)]
  0x0000000003173800 JavaThread "DestroyJavaVM" [_thread_blocked, id=11084, stack(0x0000000002e80000,0x0000000002f80000)]
  0x0000000017b4f800 JavaThread "AWT-EventQueue-0" [_thread_blocked, id=9944, stack(0x0000000018520000,0x0000000018620000)]
  0x0000000017a99800 JavaThread "AWT-Windows" daemon [_thread_in_native, id=6452, stack(0x00000000183f0000,0x00000000184f0000)]
  0x0000000017a97000 JavaThread "AWT-Shutdown" [_thread_blocked, id=1912, stack(0x00000000182f0000,0x00000000183f0000)]
  0x0000000017a93000 JavaThread "Java2D Disposer" daemon [_thread_blocked, id=1816, stack(0x00000000181f0000,0x00000000182f0000)]
  0x0000000016fd1800 JavaThread "Service Thread" daemon [_thread_blocked, id=8672, stack(0x00000000176b0000,0x00000000177b0000)]
=>0x0000000016fc5800 JavaThread "C1 CompilerThread2" daemon [_thread_in_native, id=7516, stack(0x00000000175b0000,0x00000000176b0000)]
  0x0000000016f53000 JavaThread "C2 CompilerThread1" daemon [_thread_blocked, id=9908, stack(0x00000000174b0000,0x00000000175b0000)]
  0x0000000016f52800 JavaThread "C2 CompilerThread0" daemon [_thread_blocked, id=10788, stack(0x00000000173b0000,0x00000000174b0000)]
  0x0000000016f45800 JavaThread "Monitor Ctrl-Break" daemon [_thread_in_native, id=2472, stack(0x00000000172b0000,0x00000000173b0000)]
  0x000000001586f000 JavaThread "Attach Listener" daemon [_thread_blocked, id=10396, stack(0x0000000016db0000,0x0000000016eb0000)]
  0x000000001586e000 JavaThread "Signal Dispatcher" daemon [_thread_blocked, id=6692, stack(0x0000000016cb0000,0x0000000016db0000)]
  0x0000000003269000 JavaThread "Finalizer" daemon [_thread_blocked, id=10488, stack(0x0000000016ac0000,0x0000000016bc0000)]
  0x0000000003263000 JavaThread "Reference Handler" daemon [_thread_blocked, id=3808, stack(0x00000000169c0000,0x0000000016ac0000)]

Other Threads:
  0x0000000015836800 VMThread [stack: 0x00000000168c0000,0x00000000169c0000] [id=4760]
  0x000000001701f000 WatcherThread [stack: 0x00000000177b0000,0x00000000178b0000] [id=5508]

VM state:not at safepoint (normal execution)

VM Mutex/Monitor currently owned by a thread: None

Heap:
 PSYoungGen      total 127488K, used 77098K [0x00000000eb200000, 0x00000000f8200000, 0x0000000100000000)
  eden space 60416K, 38% used [0x00000000eb200000,0x00000000ec89e898,0x00000000eed00000)
  from space 67072K, 80% used [0x00000000f3400000,0x00000000f68ac020,0x00000000f7580000)
  to   space 72704K, 0% used [0x00000000eed00000,0x00000000eed00000,0x00000000f3400000)
 ParOldGen       total 220672K, used 149766K [0x00000000c1600000, 0x00000000ced80000, 0x00000000eb200000)
  object space 220672K, 67% used [0x00000000c1600000,0x00000000ca8419e8,0x00000000ced80000)
 Metaspace       used 12808K, capacity 13054K, committed 13184K, reserved 1060864K
  class space    used 1538K, capacity 1612K, committed 1664K, reserved 1048576K

Card table byte_map: [0x0000000012630000,0x0000000012830000] byte_map_base: 0x0000000012025000

Marking Bits: (ParMarkBitMap*) 0x00000000626ed850
 Begin Bits: [0x0000000012d80000, 0x0000000013d28000)
 End Bits:   [0x0000000013d28000, 0x0000000014cd0000)

Polling page: 0x0000000001130000

CodeCache: size=245760Kb used=3868Kb max_used=3882Kb free=241891Kb
 bounds [0x0000000003270000, 0x0000000003650000, 0x0000000012270000]
 total_blobs=1527 nmethods=1014 adapters=426
 compilation: enabled

Compilation events (10 events):
Event: 14.169 Thread 0x0000000016fc5800 1025       3       java.awt.Component::getInputContext (16 bytes)
Event: 14.170 Thread 0x0000000016fc5800 nmethod 1025 0x000000000363c8d0 code [0x000000000363ca40, 0x000000000363cca8]
Event: 14.174 Thread 0x0000000016f52800 nmethod 1024 0x0000000003640250 code [0x00000000036403c0, 0x0000000003640c98]
Event: 14.246 Thread 0x0000000016fc5800 1026       3       java.lang.reflect.Field::getFieldAccessor (35 bytes)
Event: 14.247 Thread 0x0000000016fc5800 nmethod 1026 0x0000000003374710 code [0x0000000003374880, 0x0000000003374ac8]
Event: 14.247 Thread 0x0000000016fc5800 1027       3       java.awt.EventQueue::setCurrentEventAndMostRecentTime (8 bytes)
Event: 14.247 Thread 0x0000000016fc5800 nmethod 1027 0x0000000003387710 code [0x00000000033878e0, 0x0000000003387f18]
Event: 14.327 Thread 0x0000000016fc5800 1028       3       java.util.concurrent.locks.AbstractQueuedSynchronizer$Node::predecessor (19 bytes)
Event: 14.327 Thread 0x0000000016fc5800 nmethod 1028 0x00000000033f25d0 code [0x00000000033f2740, 0x00000000033f2988]
Event: 14.338 Thread 0x0000000016fc5800 1029   !   3       java.awt.DefaultKeyboardFocusManager::dispatchEvent (1589 bytes)

GC Heap History (10 events):
Event: 5.326 GC heap before
{Heap before GC invocations=11 (full 3):
 PSYoungGen      total 85504K, used 38400K [0x00000000eb200000, 0x00000000f6600000, 0x0000000100000000)
  eden space 47104K, 0% used [0x00000000eb200000,0x00000000eb200000,0x00000000ee000000)
  from space 38400K, 100% used [0x00000000f1380000,0x00000000f3900000,0x00000000f3900000)
  to   space 52736K, 0% used [0x00000000ee000000,0x00000000ee000000,0x00000000f1380000)
 ParOldGen       total 150016K, used 134621K [0x00000000c1600000, 0x00000000ca880000, 0x00000000eb200000)
  object space 150016K, 89% used [0x00000000c1600000,0x00000000c9977638,0x00000000ca880000)
 Metaspace       used 11860K, capacity 12090K, committed 12416K, reserved 1060864K
  class space    used 1459K, capacity 1548K, committed 1664K, reserved 1048576K
Event: 5.864 GC heap after
Heap after GC invocations=11 (full 3):
 PSYoungGen      total 85504K, used 22996K [0x00000000eb200000, 0x00000000f6600000, 0x0000000100000000)
  eden space 47104K, 0% used [0x00000000eb200000,0x00000000eb200000,0x00000000ee000000)
  from space 38400K, 59% used [0x00000000f1380000,0x00000000f29f5050,0x00000000f3900000)
  to   space 52736K, 0% used [0x00000000ee000000,0x00000000ee000000,0x00000000f1380000)
 ParOldGen       total 220672K, used 149734K [0x00000000c1600000, 0x00000000ced80000, 0x00000000eb200000)
  object space 220672K, 67% used [0x00000000c1600000,0x00000000ca8399e8,0x00000000ced80000)
 Metaspace       used 11860K, capacity 12090K, committed 12416K, reserved 1060864K
  class space    used 1459K, capacity 1548K, committed 1664K, reserved 1048576K
}
Event: 5.952 GC heap before
{Heap before GC invocations=12 (full 3):
 PSYoungGen      total 85504K, used 70100K [0x00000000eb200000, 0x00000000f6600000, 0x0000000100000000)
  eden space 47104K, 100% used [0x00000000eb200000,0x00000000ee000000,0x00000000ee000000)
  from space 38400K, 59% used [0x00000000f1380000,0x00000000f29f5050,0x00000000f3900000)
  to   space 52736K, 0% used [0x00000000ee000000,0x00000000ee000000,0x00000000f1380000)
 ParOldGen       total 220672K, used 149734K [0x00000000c1600000, 0x00000000ced80000, 0x00000000eb200000)
  object space 220672K, 67% used [0x00000000c1600000,0x00000000ca8399e8,0x00000000ced80000)
 Metaspace       used 11875K, capacity 12154K, committed 12416K, reserved 1060864K
  class space    used 1460K, capacity 1548K, committed 1664K, reserved 1048576K
Event: 5.993 GC heap after
Heap after GC invocations=12 (full 3):
 PSYoungGen      total 99840K, used 38752K [0x00000000eb200000, 0x00000000f5780000, 0x0000000100000000)
  eden space 47104K, 0% used [0x00000000eb200000,0x00000000eb200000,0x00000000ee000000)
  from space 52736K, 73% used [0x00000000ee000000,0x00000000f05d8000,0x00000000f1380000)
  to   space 55808K, 0% used [0x00000000f2100000,0x00000000f2100000,0x00000000f5780000)
 ParOldGen       total 220672K, used 149742K [0x00000000c1600000, 0x00000000ced80000, 0x00000000eb200000)
  object space 220672K, 67% used [0x00000000c1600000,0x00000000ca83b9e8,0x00000000ced80000)
 Metaspace       used 11875K, capacity 12154K, committed 12416K, reserved 1060864K
  class space    used 1460K, capacity 1548K, committed 1664K, reserved 1048576K
}
Event: 6.064 GC heap before
{Heap before GC invocations=13 (full 3):
 PSYoungGen      total 99840K, used 85856K [0x00000000eb200000, 0x00000000f5780000, 0x0000000100000000)
  eden space 47104K, 100% used [0x00000000eb200000,0x00000000ee000000,0x00000000ee000000)
  from space 52736K, 73% used [0x00000000ee000000,0x00000000f05d8000,0x00000000f1380000)
  to   space 55808K, 0% used [0x00000000f2100000,0x00000000f2100000,0x00000000f5780000)
 ParOldGen       total 220672K, used 149742K [0x00000000c1600000, 0x00000000ced80000, 0x00000000eb200000)
  object space 220672K, 67% used [0x00000000c1600000,0x00000000ca83b9e8,0x00000000ced80000)
 Metaspace       used 11876K, capacity 12154K, committed 12416K, reserved 1060864K
  class space    used 1460K, capacity 1548K, committed 1664K, reserved 1048576K
Event: 6.105 GC heap after
Heap after GC invocations=13 (full 3):
 PSYoungGen      total 109568K, used 44096K [0x00000000eb200000, 0x00000000f6000000, 0x0000000100000000)
  eden space 53760K, 0% used [0x00000000eb200000,0x00000000eb200000,0x00000000ee680000)
  from space 55808K, 79% used [0x00000000f2100000,0x00000000f4c10000,0x00000000f5780000)
  to   space 59904K, 0% used [0x00000000ee680000,0x00000000ee680000,0x00000000f2100000)
 ParOldGen       total 220672K, used 149750K [0x00000000c1600000, 0x00000000ced80000, 0x00000000eb200000)
  object space 220672K, 67% used [0x00000000c1600000,0x00000000ca83d9e8,0x00000000ced80000)
 Metaspace       used 11876K, capacity 12154K, committed 12416K, reserved 1060864K
  class space    used 1460K, capacity 1548K, committed 1664K, reserved 1048576K
}
Event: 6.277 GC heap before
{Heap before GC invocations=14 (full 3):
 PSYoungGen      total 109568K, used 97856K [0x00000000eb200000, 0x00000000f6000000, 0x0000000100000000)
  eden space 53760K, 100% used [0x00000000eb200000,0x00000000ee680000,0x00000000ee680000)
  from space 55808K, 79% used [0x00000000f2100000,0x00000000f4c10000,0x00000000f5780000)
  to   space 59904K, 0% used [0x00000000ee680000,0x00000000ee680000,0x00000000f2100000)
 ParOldGen       total 220672K, used 149750K [0x00000000c1600000, 0x00000000ced80000, 0x00000000eb200000)
  object space 220672K, 67% used [0x00000000c1600000,0x00000000ca83d9e8,0x00000000ced80000)
 Metaspace       used 12551K, capacity 12858K, committed 13184K, reserved 1060864K
  class space    used 1526K, capacity 1612K, committed 1664K, reserved 1048576K
Event: 6.332 GC heap after
Heap after GC invocations=14 (full 3):
 PSYoungGen      total 113664K, used 54032K [0x00000000eb200000, 0x00000000f7580000, 0x0000000100000000)
  eden space 53760K, 0% used [0x00000000eb200000,0x00000000eb200000,0x00000000ee680000)
  from space 59904K, 90% used [0x00000000ee680000,0x00000000f1b44020,0x00000000f2100000)
  to   space 67072K, 0% used [0x00000000f3400000,0x00000000f3400000,0x00000000f7580000)
 ParOldGen       total 220672K, used 149758K [0x00000000c1600000, 0x00000000ced80000, 0x00000000eb200000)
  object space 220672K, 67% used [0x00000000c1600000,0x00000000ca83f9e8,0x00000000ced80000)
 Metaspace       used 12551K, capacity 12858K, committed 13184K, reserved 1060864K
  class space    used 1526K, capacity 1612K, committed 1664K, reserved 1048576K
}
Event: 6.377 GC heap before
{Heap before GC invocations=15 (full 3):
 PSYoungGen      total 113664K, used 107792K [0x00000000eb200000, 0x00000000f7580000, 0x0000000100000000)
  eden space 53760K, 100% used [0x00000000eb200000,0x00000000ee680000,0x00000000ee680000)
  from space 59904K, 90% used [0x00000000ee680000,0x00000000f1b44020,0x00000000f2100000)
  to   space 67072K, 0% used [0x00000000f3400000,0x00000000f3400000,0x00000000f7580000)
 ParOldGen       total 220672K, used 149758K [0x00000000c1600000, 0x00000000ced80000, 0x00000000eb200000)
  object space 220672K, 67% used [0x00000000c1600000,0x00000000ca83f9e8,0x00000000ced80000)
 Metaspace       used 12551K, capacity 12858K, committed 13184K, reserved 1060864K
  class space    used 1526K, capacity 1612K, committed 1664K, reserved 1048576K
Event: 6.439 GC heap after
Heap after GC invocations=15 (full 3):
 PSYoungGen      total 127488K, used 53936K [0x00000000eb200000, 0x00000000f8200000, 0x0000000100000000)
  eden space 60416K, 0% used [0x00000000eb200000,0x00000000eb200000,0x00000000eed00000)
  from space 67072K, 80% used [0x00000000f3400000,0x00000000f68ac020,0x00000000f7580000)
  to   space 72704K, 0% used [0x00000000eed00000,0x00000000eed00000,0x00000000f3400000)
 ParOldGen       total 220672K, used 149766K [0x00000000c1600000, 0x00000000ced80000, 0x00000000eb200000)
  object space 220672K, 67% used [0x00000000c1600000,0x00000000ca8419e8,0x00000000ced80000)
 Metaspace       used 12551K, capacity 12858K, committed 13184K, reserved 1060864K
  class space    used 1526K, capacity 1612K, committed 1664K, reserved 1048576K
}

Deoptimization events (10 events):
Event: 6.816 Thread 0x0000000017bea800 Uncommon trap: reason=unstable_if action=reinterpret pc=0x000000000358bb8c method=sun.java2d.SurfaceData.canRenderParallelograms(Lsun/java2d/SunGraphics2D;)Z @ 91
Event: 9.030 Thread 0x0000000017b4f800 Uncommon trap: reason=class_check action=maybe_recompile pc=0x0000000003595a44 method=sun.java2d.SunGraphics2D.validateColor()V @ 95
Event: 9.030 Thread 0x0000000017b4f800 Uncommon trap: reason=class_check action=maybe_recompile pc=0x0000000003589dac method=sun.java2d.loops.SurfaceType.pixelFor(ILjava/awt/image/ColorModel;)I @ 6
Event: 9.030 Thread 0x0000000017b4f800 Uncommon trap: reason=class_check action=maybe_recompile pc=0x0000000003595a64 method=sun.java2d.loops.SurfaceType.pixelFor(ILjava/awt/image/ColorModel;)I @ 6
Event: 9.030 Thread 0x0000000017b4f800 Uncommon trap: reason=class_check action=maybe_recompile pc=0x000000000358cdf4 method=sun.java2d.loops.SurfaceType.pixelFor(ILjava/awt/image/ColorModel;)I @ 6
Event: 9.030 Thread 0x0000000017b4f800 Uncommon trap: reason=unstable_if action=reinterpret pc=0x000000000358ce50 method=sun.java2d.SunGraphics2D.setColor(Ljava/awt/Color;)V @ 9
Event: 9.031 Thread 0x0000000017b4f800 Uncommon trap: reason=class_check action=maybe_recompile pc=0x0000000003587acc method=sun.java2d.loops.SurfaceType.pixelFor(ILjava/awt/image/ColorModel;)I @ 6
Event: 9.031 Thread 0x0000000017b4f800 Uncommon trap: reason=class_check action=maybe_recompile pc=0x0000000003589dac method=sun.java2d.loops.SurfaceType.pixelFor(ILjava/awt/image/ColorModel;)I @ 6
Event: 11.297 Thread 0x0000000017b4f800 Uncommon trap: reason=class_check action=maybe_recompile pc=0x0000000003595a44 method=sun.java2d.SunGraphics2D.validateColor()V @ 95
Event: 11.298 Thread 0x0000000017b4f800 Uncommon trap: reason=class_check action=maybe_recompile pc=0x0000000003595a64 method=sun.java2d.loops.SurfaceType.pixelFor(ILjava/awt/image/ColorModel;)I @ 6

Internal exceptions (10 events):
Event: 0.236 Thread 0x0000000003173800 Exception <a 'java/security/PrivilegedActionException'> (0x00000000eb4b0f90) thrown at [C:\re\workspace\8-2-build-windows-amd64-cygwin\jdk8u144\9417\hotspot\src\share\vm\prims\jvm.cpp, line 1390]
Event: 0.236 Thread 0x0000000003173800 Exception <a 'java/security/PrivilegedActionException'> (0x00000000eb4b11a0) thrown at [C:\re\workspace\8-2-build-windows-amd64-cygwin\jdk8u144\9417\hotspot\src\share\vm\prims\jvm.cpp, line 1390]
Event: 0.236 Thread 0x0000000003173800 Exception <a 'java/security/PrivilegedActionException'> (0x00000000eb4b50b0) thrown at [C:\re\workspace\8-2-build-windows-amd64-cygwin\jdk8u144\9417\hotspot\src\share\vm\prims\jvm.cpp, line 1390]
Event: 0.236 Thread 0x0000000003173800 Exception <a 'java/security/PrivilegedActionException'> (0x00000000eb4b52c0) thrown at [C:\re\workspace\8-2-build-windows-amd64-cygwin\jdk8u144\9417\hotspot\src\share\vm\prims\jvm.cpp, line 1390]
Event: 0.240 Thread 0x0000000003173800 Exception <a 'java/io/FileNotFoundException'> (0x00000000eb4bd930) thrown at [C:\re\workspace\8-2-build-windows-amd64-cygwin\jdk8u144\9417\hotspot\src\share\vm\prims\jni.cpp, line 709]
Event: 0.287 Thread 0x0000000003173800 Exception <a 'java/lang/NoSuchFieldError': method resolution failed> (0x00000000eb5e9830) thrown at [C:\re\workspace\8-2-build-windows-amd64-cygwin\jdk8u144\9417\hotspot\src\share\vm\prims\methodHandles.cpp, line 1146]
Event: 0.289 Thread 0x0000000003173800 Exception <a 'java/lang/NoSuchFieldError': method resolution failed> (0x00000000eb5f76a8) thrown at [C:\re\workspace\8-2-build-windows-amd64-cygwin\jdk8u144\9417\hotspot\src\share\vm\prims\methodHandles.cpp, line 1146]
Event: 0.358 Thread 0x0000000003173800 Implicit null exception at 0x00000000033f275b to 0x00000000033f290d
Event: 0.370 Thread 0x0000000003173800 Exception <a 'java/io/FileNotFoundException'> (0x00000000eb83d978) thrown at [C:\re\workspace\8-2-build-windows-amd64-cygwin\jdk8u144\9417\hotspot\src\share\vm\prims\jni.cpp, line 709]
Event: 6.815 Thread 0x0000000017bea800 Implicit null exception at 0x00000000035918c4 to 0x00000000035920f1

Events (10 events):
Event: 14.170 Thread 0x0000000016fc5800 flushing nmethod 0x000000000337fe50
Event: 14.170 Thread 0x0000000016fc5800 flushing nmethod 0x0000000003380190
Event: 14.170 Thread 0x0000000016fc5800 flushing nmethod 0x0000000003382c50
Event: 14.170 Thread 0x0000000016fc5800 flushing nmethod 0x0000000003382f90
Event: 14.170 Thread 0x0000000016fc5800 flushing nmethod 0x0000000003387710
Event: 14.170 Thread 0x0000000016fc5800 flushing nmethod 0x0000000003387a10
Event: 14.170 Thread 0x0000000016fc5800 flushing nmethod 0x0000000003393990
Event: 14.174 Thread 0x0000000016f52800 flushing nmethod 0x00000000033a1010
Event: 14.247 Thread 0x0000000016fc5800 flushing nmethod 0x00000000033f25d0
Event: 14.247 Thread 0x0000000016fc5800 flushing nmethod 0x00000000033f60d0


Dynamic libraries:
0x00007ff764c00000 - 0x00007ff764c37000 	C:\Program Files\Java\jdk1.8.0_144\bin\java.exe
0x00007ffae75f0000 - 0x00007ffae77d1000 	C:\WINDOWS\SYSTEM32\ntdll.dll
0x00007ffae7500000 - 0x00007ffae75b2000 	C:\WINDOWS\System32\KERNEL32.DLL
0x00007ffae4540000 - 0x00007ffae47b3000 	C:\WINDOWS\System32\KERNELBASE.dll
0x00007ffae5680000 - 0x00007ffae5721000 	C:\WINDOWS\System32\ADVAPI32.dll
0x00007ffae5180000 - 0x00007ffae521e000 	C:\WINDOWS\System32\msvcrt.dll
0x00007ffae5760000 - 0x00007ffae57bb000 	C:\WINDOWS\System32\sechost.dll
0x00007ffae4aa0000 - 0x00007ffae4bc4000 	C:\WINDOWS\System32\RPCRT4.dll
0x00007ffae7350000 - 0x00007ffae74e0000 	C:\WINDOWS\System32\USER32.dll
0x00007ffae47c0000 - 0x00007ffae47e0000 	C:\WINDOWS\System32\win32u.dll
0x00007ffae5730000 - 0x00007ffae5758000 	C:\WINDOWS\System32\GDI32.dll
0x00007ffae4280000 - 0x00007ffae4412000 	C:\WINDOWS\System32\gdi32full.dll
0x00007ffae4420000 - 0x00007ffae44bf000 	C:\WINDOWS\System32\msvcp_win.dll
0x00007ffae4120000 - 0x00007ffae421a000 	C:\WINDOWS\System32\ucrtbase.dll
0x00007ffad4a10000 - 0x00007ffad4c79000 	C:\WINDOWS\WinSxS\amd64_microsoft.windows.common-controls_6595b64144ccf1df_6.0.17134.112_none_fb3f961b30681c12\COMCTL32.dll
0x00007ffae4e50000 - 0x00007ffae5173000 	C:\WINDOWS\System32\combase.dll
0x00007ffae44c0000 - 0x00007ffae453a000 	C:\WINDOWS\System32\bcryptPrimitives.dll
0x00007ffae72b0000 - 0x00007ffae72dd000 	C:\WINDOWS\System32\IMM32.DLL
0x0000000062770000 - 0x0000000062842000 	C:\Program Files\Java\jdk1.8.0_144\jre\bin\msvcr100.dll
0x0000000061ed0000 - 0x000000006276d000 	C:\Program Files\Java\jdk1.8.0_144\jre\bin\server\jvm.dll
0x00007ffae4a90000 - 0x00007ffae4a98000 	C:\WINDOWS\System32\PSAPI.DLL
0x00007ffae0180000 - 0x00007ffae0189000 	C:\WINDOWS\SYSTEM32\WSOCK32.dll
0x00007ffae72e0000 - 0x00007ffae734c000 	C:\WINDOWS\System32\WS2_32.dll
0x00007ffae07b0000 - 0x00007ffae07d3000 	C:\WINDOWS\SYSTEM32\WINMM.dll
0x00007ffad4f50000 - 0x00007ffad4f5a000 	C:\WINDOWS\SYSTEM32\VERSION.dll
0x00007ffae0770000 - 0x00007ffae079a000 	C:\WINDOWS\SYSTEM32\WINMMBASE.dll
0x00007ffae40d0000 - 0x00007ffae4119000 	C:\WINDOWS\System32\cfgmgr32.dll
0x0000000064730000 - 0x000000006473f000 	C:\Program Files\Java\jdk1.8.0_144\jre\bin\verify.dll
0x0000000061ea0000 - 0x0000000061ec9000 	C:\Program Files\Java\jdk1.8.0_144\jre\bin\java.dll
0x0000000061e50000 - 0x0000000061e73000 	C:\Program Files\Java\jdk1.8.0_144\jre\bin\instrument.dll
0x0000000061e80000 - 0x0000000061e96000 	C:\Program Files\Java\jdk1.8.0_144\jre\bin\zip.dll
0x00007ffae58b0000 - 0x00007ffae6cf0000 	C:\WINDOWS\System32\SHELL32.dll
0x00007ffae4ca0000 - 0x00007ffae4d49000 	C:\WINDOWS\System32\shcore.dll
0x00007ffae39c0000 - 0x00007ffae40cd000 	C:\WINDOWS\System32\windows.storage.dll
0x00007ffae53c0000 - 0x00007ffae5411000 	C:\WINDOWS\System32\shlwapi.dll
0x00007ffae3950000 - 0x00007ffae3961000 	C:\WINDOWS\System32\kernel.appcore.dll
0x00007ffae39a0000 - 0x00007ffae39bf000 	C:\WINDOWS\System32\profapi.dll
0x00007ffae3900000 - 0x00007ffae394c000 	C:\WINDOWS\System32\powrprof.dll
0x00007ffae3990000 - 0x00007ffae399a000 	C:\WINDOWS\System32\FLTLIB.DLL
0x00007ffade270000 - 0x00007ffade28a000 	C:\Program Files\JetBrains\IntelliJ IDEA Community Edition 2017.2.5\bin\breakgen64.dll
0x0000000061d40000 - 0x0000000061d5a000 	C:\Program Files\Java\jdk1.8.0_144\jre\bin\net.dll
0x00007ffae3180000 - 0x00007ffae31e6000 	C:\WINDOWS\system32\mswsock.dll
0x0000000061ba0000 - 0x0000000061d38000 	C:\Program Files\Java\jdk1.8.0_144\jre\bin\awt.dll
0x00007ffae4bd0000 - 0x00007ffae4c92000 	C:\WINDOWS\System32\OLEAUT32.dll
0x00007ffae1d50000 - 0x00007ffae1ddb000 	C:\WINDOWS\SYSTEM32\apphelp.dll
0x00007ffae1fc0000 - 0x00007ffae2058000 	C:\WINDOWS\system32\uxtheme.dll
0x00007ffae5500000 - 0x00007ffae5675000 	C:\WINDOWS\System32\MSCTF.dll
0x00007ffae2090000 - 0x00007ffae20b9000 	C:\WINDOWS\system32\dwmapi.dll
0x00007ffae6cf0000 - 0x00007ffae6e41000 	C:\WINDOWS\System32\ole32.dll
0x0000000061b50000 - 0x0000000061b97000 	C:\Program Files\Java\jdk1.8.0_144\jre\bin\fontmanager.dll
0x00007ffac49a0000 - 0x00007ffac4ac0000 	C:\WINDOWS\system32\opengl32.dll
0x00007ffac4930000 - 0x00007ffac495c000 	C:\WINDOWS\SYSTEM32\GLU32.dll
0x0000000061b30000 - 0x0000000061b41000 	C:\Program Files\Java\jdk1.8.0_144\jre\bin\nio.dll
0x0000000061ae0000 - 0x0000000061b22000 	C:\Program Files\Java\jdk1.8.0_144\jre\bin\t2k.dll
0x00007ffae4db0000 - 0x00007ffae4e50000 	C:\WINDOWS\System32\clbcatq.dll
0x00007ffadf230000 - 0x00007ffadf3de000 	C:\WINDOWS\SYSTEM32\WindowsCodecs.dll
0x00007ffac4740000 - 0x00007ffac4798000 	C:\WINDOWS\system32\dataexchange.dll
0x00007ffae15d0000 - 0x00007ffae176c000 	C:\WINDOWS\system32\dcomp.dll
0x00007ffae0c10000 - 0x00007ffae0f1b000 	C:\WINDOWS\system32\d3d11.dll
0x00007ffae26c0000 - 0x00007ffae277b000 	C:\WINDOWS\system32\dxgi.dll
0x00007ffae20c0000 - 0x00007ffae2278000 	C:\WINDOWS\system32\twinapi.appcore.dll
0x00007ffae2280000 - 0x00007ffae22a1000 	C:\WINDOWS\system32\RMCLIENT.dll
0x00007ffad8610000 - 0x00007ffad86a8000 	C:\WINDOWS\System32\TextInputFramework.dll
0x00007ffae1770000 - 0x00007ffae184a000 	C:\WINDOWS\System32\CoreMessaging.dll
0x00007ffade8c0000 - 0x00007ffadebde000 	C:\WINDOWS\System32\CoreUIComponents.dll
0x00007ffae29f0000 - 0x00007ffae2a21000 	C:\WINDOWS\SYSTEM32\ntmarta.dll
0x00007ffadfdf0000 - 0x00007ffadff3d000 	C:\WINDOWS\SYSTEM32\wintypes.dll

VM Arguments:
jvm_args: -javaagent:C:\Program Files\JetBrains\IntelliJ IDEA Community Edition 2017.2.5\lib\idea_rt.jar=54651:C:\Program Files\JetBrains\IntelliJ IDEA Community Edition 2017.2.5\bin -Dfile.encoding=UTF-8 
java_command: MapViewer
java_class_path (initial): C:\Program Files\Java\jdk1.8.0_144\jre\lib\charsets.jar;C:\Program Files\Java\jdk1.8.0_144\jre\lib\deploy.jar;C:\Program Files\Java\jdk1.8.0_144\jre\lib\ext\access-bridge-64.jar;C:\Program Files\Java\jdk1.8.0_144\jre\lib\ext\cldrdata.jar;C:\Program Files\Java\jdk1.8.0_144\jre\lib\ext\dnsns.jar;C:\Program Files\Java\jdk1.8.0_144\jre\lib\ext\jaccess.jar;C:\Program Files\Java\jdk1.8.0_144\jre\lib\ext\jfxrt.jar;C:\Program Files\Java\jdk1.8.0_144\jre\lib\ext\localedata.jar;C:\Program Files\Java\jdk1.8.0_144\jre\lib\ext\nashorn.jar;C:\Program Files\Java\jdk1.8.0_144\jre\lib\ext\sunec.jar;C:\Program Files\Java\jdk1.8.0_144\jre\lib\ext\sunjce_provider.jar;C:\Program Files\Java\jdk1.8.0_144\jre\lib\ext\sunmscapi.jar;C:\Program Files\Java\jdk1.8.0_144\jre\lib\ext\sunpkcs11.jar;C:\Program Files\Java\jdk1.8.0_144\jre\lib\ext\zipfs.jar;C:\Program Files\Java\jdk1.8.0_144\jre\lib\javaws.jar;C:\Program Files\Java\jdk1.8.0_144\jre\lib\jce.jar;C:\Program Files\Java\jdk1.8.0_144\jre\lib\jfr.jar;C:\Program Files\Java\jdk1.8.0_144\jre\lib\jfxswt.jar;C:\Program Files\Java\jdk1.8.0_144\jre\lib\jsse.jar;C:\Program Files\Java\jdk1.8.0_144\jre\lib\management-agent.jar;C:\Program Files\Java\jdk1.8.0_144\jre\lib\plugin.jar;C:\Program Files\Java\jdk1.8.0_144\jre\lib\resources.jar;C:\Program Files\Java\jdk1.8.0_144\jre\lib\rt.jar;C:\Users\Gilberto\Projects\BusTransportVolume\target\classes;C:\Users\Gilberto\.m2\repository\org\json\json\20180130\json-20180130.jar;C:\Users\Gilberto\.m2\repository\org\apache\commons\commons-lang3\3.7\commons-lang3-3.7.jar;C:\Users\Gilberto\.m2\repository\org\apache\httpcomponents\httpclient\4.5.1\httpclient-4.5.1.jar;C:\Users\Gilberto\.m2\repository\org\apache\httpcomponents\httpcore\4.4.3\httpcore-4.4.3.jar;C:\Users\Gilberto\.m2\repository\commons-logging\commons-logging\1.2\commons-logging-1.2.jar;C:\Users\Gilberto\.m2\repository\commons-codec\commons-codec\1.9\commons-codec-1.9.jar;C:\Users\Gilberto\.m2\repository\com\sun\jersey\jers
Launcher Type: SUN_STANDARD

Environment Variables:
JAVA_HOME=C:\Program Files\Java\jdk1.8.0_144
PATH=C:\Program Files (x86)\Cuminas\Document Express DjVu Plug-in\;C:\ProgramData\Oracle\Java\javapath;C:\Python27\;C:\Python27\Scripts;C:\Program Files\Microsoft MPI\Bin\;C:\WINDOWS\system32;C:\WINDOWS;C:\WINDOWS\System32\Wbem;C:\WINDOWS\System32\WindowsPowerShell\v1.0\;C:\Program Files (x86)\ATI Technologies\ATI.ACE\Core-Static;C:\Program Files (x86)\AMD\ATI.ACE\Core-Static;C:\Program Files\Microsoft SQL Server\130\Tools\Binn\;C:\Program Files\dotnet\;C:\Program Files (x86)\GtkSharp\2.12\bin;C:\Program Files\nodejs\;C:\Portables\php56;C:\Program Files\MySQL\MySQL Server 5.7\bin;C:\Program Files (x86)\OpenVPN\bin;C:\Program Files (x86)\Skype\Phone\;C:\Program Files\CMake\bin;C:\Program Files (x86)\Microsoft Visual Studio\2017\Community\MSBuild\15.0\Bin;C:\Program Files\Java\jdk1.8.0_144\bin\;C:\Program Files\PuTTY\;C:\Program Files\Oracle\VirtualBox;C:\Portables\cmder;C:\Program Files (x86)\WinSCP\;C:\WINDOWS\System32\OpenSSH\;C:\Program Files\Git\cmd;C:\Program Files\PostgreSQL\10\bin;C:\Program Files\MATLAB\R2012b\runtime\win64;C:\Program Files\MATLAB\R2012b\bin;C:\Users\Gilberto\.cargo\bin;C:\Ruby25-x64\bin;C:\Users\Gilberto\AppData\Local\Microsoft\WindowsApps;C:\Users\Gilberto\AppData\Roaming\npm;C:\Portables\nwjs_sdk;C:\Program Files\Microsoft VS Code\bin;C:\MinGW\bin;C:\MinGW\mingw32\bin;
USERNAME=Gilberto
OS=Windows_NT
PROCESSOR_IDENTIFIER=Intel64 Family 6 Model 142 Stepping 9, GenuineIntel



---------------  S Y S T E M  ---------------

OS: Windows 10.0 , 64 bit Build 17134 (10.0.17134.1)

CPU:total 4 (initial active 4) (2 cores per cpu, 2 threads per core) family 6 model 142 stepping 9, cmov, cx8, fxsr, mmx, sse, sse2, sse3, ssse3, sse4.1, sse4.2, popcnt, avx, avx2, aes, clmul, erms, 3dnowpref, lzcnt, ht, tsc, tscinvbit, bmi1, bmi2, adx

Memory: 4k page, physical 4100324k(458712k free), swap 6197476k(5256k free)

vm_info: Java HotSpot(TM) 64-Bit Server VM (25.144-b01) for windows-amd64 JRE (1.8.0_144-b01), built on Jul 21 2017 21:57:33 by "java_re" with MS VC++ 10.0 (VS2010)

time: Wed Jul 11 04:13:20 2018
elapsed time: 14 seconds (0d 0h 0m 14s)

