#
# There is insufficient memory for the Java Runtime Environment to continue.
# Native memory allocation (malloc) failed to allocate 327376 bytes for Chunk::new
# Possible reasons:
#   The system is out of physical RAM or swap space
#   In 32 bit mode, the process size limit was hit
# Possible solutions:
#   Reduce memory load on the system
#   Increase physical memory or swap space
#   Check if swap backing store is full
#   Use 64 bit Java on a 64 bit OS
#   Decrease Java heap size (-Xmx/-Xms)
#   Decrease number of Java threads
#   Decrease Java thread stack sizes (-Xss)
#   Set larger code cache with -XX:ReservedCodeCacheSize=
# This output file may be truncated or incomplete.
#
#  Out of Memory Error (allocation.cpp:390), pid=2556, tid=0x0000000000001fc8
#
# JRE version: Java(TM) SE Runtime Environment (8.0_144-b01) (build 1.8.0_144-b01)
# Java VM: Java HotSpot(TM) 64-Bit Server VM (25.144-b01 mixed mode windows-amd64 compressed oops)
# Failed to write core dump. Minidumps are not enabled by default on client versions of Windows
#

---------------  T H R E A D  ---------------

Current thread (0x0000000016b11000):  JavaThread "C2 CompilerThread0" daemon [_thread_in_native, id=8136, stack(0x0000000016f70000,0x0000000017070000)]

Stack: [0x0000000016f70000,0x0000000017070000]
[error occurred during error reporting (printing stack bounds), id 0xc0000005]

Native frames: (J=compiled Java code, j=interpreted, Vv=VM code, C=native code)


Current CompileTask:
C2:   3086  189       4       TransportModels.BusSchedule::parse (131 bytes)


---------------  P R O C E S S  ---------------

Java Threads: ( => current thread )
  0x0000000016bcc800 JavaThread "Service Thread" daemon [_thread_blocked, id=10712, stack(0x0000000017270000,0x0000000017370000)]
  0x0000000016b73000 JavaThread "C1 CompilerThread2" daemon [_thread_blocked, id=6628, stack(0x0000000017170000,0x0000000017270000)]
  0x0000000016b12000 JavaThread "C2 CompilerThread1" daemon [_thread_blocked, id=10864, stack(0x0000000017070000,0x0000000017170000)]
=>0x0000000016b11000 JavaThread "C2 CompilerThread0" daemon [_thread_in_native, id=8136, stack(0x0000000016f70000,0x0000000017070000)]
  0x0000000016aa5000 JavaThread "Monitor Ctrl-Break" daemon [_thread_in_native, id=1804, stack(0x0000000016e70000,0x0000000016f70000)]
  0x000000001541e000 JavaThread "Attach Listener" daemon [_thread_blocked, id=740, stack(0x0000000016970000,0x0000000016a70000)]
  0x000000001541d000 JavaThread "Signal Dispatcher" daemon [_thread_blocked, id=10192, stack(0x0000000016870000,0x0000000016970000)]
  0x0000000002e19000 JavaThread "Finalizer" daemon [_thread_blocked, id=10092, stack(0x0000000016680000,0x0000000016780000)]
  0x0000000002e13000 JavaThread "Reference Handler" daemon [_thread_blocked, id=2576, stack(0x0000000016580000,0x0000000016680000)]
  0x0000000002d23800 JavaThread "main" [_thread_blocked, id=4924, stack(0x0000000002b20000,0x0000000002c20000)]

Other Threads:
  0x00000000153e7000 VMThread [stack: 0x0000000016480000,0x0000000016580000] [id=7704]
  0x0000000016c00800 WatcherThread [stack: 0x0000000017370000,0x0000000017470000] [id=1788]

VM state:at safepoint (normal execution)

VM Mutex/Monitor currently owned by a thread:  ([mutex/lock_event])
[0x0000000002d207d0] Threads_lock - owner thread: 0x00000000153e7000
[0x0000000002d20f50] Heap_lock - owner thread: 0x0000000002d23800

Heap:
 PSYoungGen      total 83968K, used 83968K [0x00000000eb200000, 0x00000000f3280000, 0x0000000100000000)
  eden space 48128K, 100% used [0x00000000eb200000,0x00000000ee100000,0x00000000ee100000)
  from space 35840K, 100% used [0x00000000ee100000,0x00000000f0400000,0x00000000f0400000)
  to   space 30720K, 21% used [0x00000000f0400000,0x00000000f0a90000,0x00000000f2200000)
 ParOldGen       total 217600K, used 146566K [0x00000000c1600000, 0x00000000cea80000, 0x00000000eb200000)
  object space 217600K, 67% used [0x00000000c1600000,0x00000000ca521b70,0x00000000cea80000)
 Metaspace       used 4090K, capacity 4736K, committed 4864K, reserved 1056768K
  class space    used 439K, capacity 496K, committed 512K, reserved 1048576K

Card table byte_map: [0x00000000121e0000,0x00000000123e0000] byte_map_base: 0x0000000011bd5000

Marking Bits: (ParMarkBitMap*) 0x00000000626ed850
 Begin Bits: [0x0000000012930000, 0x00000000138d8000)
 End Bits:   [0x00000000138d8000, 0x0000000014880000)

Polling page: 0x0000000001060000

CodeCache: size=245760Kb used=1905Kb max_used=1921Kb free=243854Kb
 bounds [0x0000000002e20000, 0x0000000003090000, 0x0000000011e20000]
 total_blobs=467 nmethods=186 adapters=194
 compilation: enabled

Compilation events (10 events):
Event: 2.974 Thread 0x0000000016b73000  185       3       TransportModels.BusLine::<init> (5 bytes)
Event: 2.974 Thread 0x0000000016b73000 nmethod 185 0x0000000002ff4290 code [0x0000000002ff43e0, 0x0000000002ff4590]
Event: 2.974 Thread 0x0000000016b73000  186       3       org.json.JSONArray::getJSONObject (50 bytes)
Event: 2.975 Thread 0x0000000016b73000 nmethod 186 0x0000000002ff9490 code [0x0000000002ff96a0, 0x0000000002ffa218]
Event: 2.997 Thread 0x0000000016b73000  187       3       org.json.JSONArray::opt (25 bytes)
Event: 2.997 Thread 0x0000000016b73000 nmethod 187 0x0000000002ff8ad0 code [0x0000000002ff8c80, 0x0000000002ff9158]
Event: 3.002 Thread 0x0000000016b73000  188       3       org.json.JSONArray::get (44 bytes)
Event: 3.003 Thread 0x0000000016b73000 nmethod 188 0x0000000002ffa6d0 code [0x0000000002ffa920, 0x0000000002ffb668]
Event: 3.037 Thread 0x0000000016b12000 nmethod 183% 0x0000000002ffff50 code [0x0000000003000160, 0x0000000003001598]
Event: 3.042 Thread 0x0000000016b11000  189       4       TransportModels.BusSchedule::parse (131 bytes)

GC Heap History (10 events):
Event: 1.479 GC heap after
Heap after GC invocations=6 (full 2):
 PSYoungGen      total 44032K, used 2560K [0x00000000eb200000, 0x00000000ee780000, 0x0000000100000000)
  eden space 41472K, 0% used [0x00000000eb200000,0x00000000eb200000,0x00000000eda80000)
  from space 2560K, 100% used [0x00000000ee500000,0x00000000ee780000,0x00000000ee780000)
  to   space 2560K, 0% used [0x00000000ee280000,0x00000000ee280000,0x00000000ee500000)
 ParOldGen       total 144896K, used 98423K [0x00000000c1600000, 0x00000000ca380000, 0x00000000eb200000)
  object space 144896K, 67% used [0x00000000c1600000,0x00000000c761de50,0x00000000ca380000)
 Metaspace       used 4043K, capacity 4736K, committed 4864K, reserved 1056768K
  class space    used 438K, capacity 496K, committed 512K, reserved 1048576K
}
Event: 1.579 GC heap before
{Heap before GC invocations=7 (full 2):
 PSYoungGen      total 44032K, used 44032K [0x00000000eb200000, 0x00000000ee780000, 0x0000000100000000)
  eden space 41472K, 100% used [0x00000000eb200000,0x00000000eda80000,0x00000000eda80000)
  from space 2560K, 100% used [0x00000000ee500000,0x00000000ee780000,0x00000000ee780000)
  to   space 2560K, 0% used [0x00000000ee280000,0x00000000ee280000,0x00000000ee500000)
 ParOldGen       total 144896K, used 98423K [0x00000000c1600000, 0x00000000ca380000, 0x00000000eb200000)
  object space 144896K, 67% used [0x00000000c1600000,0x00000000c761de50,0x00000000ca380000)
 Metaspace       used 4043K, capacity 4736K, committed 4864K, reserved 1056768K
  class space    used 438K, capacity 496K, committed 512K, reserved 1048576K
Event: 1.609 GC heap after
Heap after GC invocations=7 (full 2):
 PSYoungGen      total 52224K, used 2560K [0x00000000eb200000, 0x00000000f2200000, 0x0000000100000000)
  eden space 49664K, 0% used [0x00000000eb200000,0x00000000eb200000,0x00000000ee280000)
  from space 2560K, 100% used [0x00000000ee280000,0x00000000ee500000,0x00000000ee500000)
  to   space 30720K, 0% used [0x00000000f0400000,0x00000000f0400000,0x00000000f2200000)
 ParOldGen       total 144896K, used 123139K [0x00000000c1600000, 0x00000000ca380000, 0x00000000eb200000)
  object space 144896K, 84% used [0x00000000c1600000,0x00000000c8e40f80,0x00000000ca380000)
 Metaspace       used 4043K, capacity 4736K, committed 4864K, reserved 1056768K
  class space    used 438K, capacity 496K, committed 512K, reserved 1048576K
}
Event: 1.609 GC heap before
{Heap before GC invocations=8 (full 3):
 PSYoungGen      total 52224K, used 2560K [0x00000000eb200000, 0x00000000f2200000, 0x0000000100000000)
  eden space 49664K, 0% used [0x00000000eb200000,0x00000000eb200000,0x00000000ee280000)
  from space 2560K, 100% used [0x00000000ee280000,0x00000000ee500000,0x00000000ee500000)
  to   space 30720K, 0% used [0x00000000f0400000,0x00000000f0400000,0x00000000f2200000)
 ParOldGen       total 144896K, used 123139K [0x00000000c1600000, 0x00000000ca380000, 0x00000000eb200000)
  object space 144896K, 84% used [0x00000000c1600000,0x00000000c8e40f80,0x00000000ca380000)
 Metaspace       used 4043K, capacity 4736K, committed 4864K, reserved 1056768K
  class space    used 438K, capacity 496K, committed 512K, reserved 1048576K
Event: 2.430 GC heap after
Heap after GC invocations=8 (full 3):
 PSYoungGen      total 52224K, used 0K [0x00000000eb200000, 0x00000000f2200000, 0x0000000100000000)
  eden space 49664K, 0% used [0x00000000eb200000,0x00000000eb200000,0x00000000ee280000)
  from space 2560K, 0% used [0x00000000ee280000,0x00000000ee280000,0x00000000ee500000)
  to   space 30720K, 0% used [0x00000000f0400000,0x00000000f0400000,0x00000000f2200000)
 ParOldGen       total 217600K, used 125442K [0x00000000c1600000, 0x00000000cea80000, 0x00000000eb200000)
  object space 217600K, 57% used [0x00000000c1600000,0x00000000c9080ad0,0x00000000cea80000)
 Metaspace       used 4043K, capacity 4736K, committed 4864K, reserved 1056768K
  class space    used 438K, capacity 496K, committed 512K, reserved 1048576K
}
Event: 2.552 GC heap before
{Heap before GC invocations=9 (full 3):
 PSYoungGen      total 52224K, used 49664K [0x00000000eb200000, 0x00000000f2200000, 0x0000000100000000)
  eden space 49664K, 100% used [0x00000000eb200000,0x00000000ee280000,0x00000000ee280000)
  from space 2560K, 0% used [0x00000000ee280000,0x00000000ee280000,0x00000000ee500000)
  to   space 30720K, 0% used [0x00000000f0400000,0x00000000f0400000,0x00000000f2200000)
 ParOldGen       total 217600K, used 125442K [0x00000000c1600000, 0x00000000cea80000, 0x00000000eb200000)
  object space 217600K, 57% used [0x00000000c1600000,0x00000000c9080ad0,0x00000000cea80000)
 Metaspace       used 4043K, capacity 4736K, committed 4864K, reserved 1056768K
  class space    used 438K, capacity 496K, committed 512K, reserved 1048576K
Event: 2.590 GC heap after
Heap after GC invocations=9 (full 3):
 PSYoungGen      total 78848K, used 29536K [0x00000000eb200000, 0x00000000f3280000, 0x0000000100000000)
  eden space 48128K, 0% used [0x00000000eb200000,0x00000000eb200000,0x00000000ee100000)
  from space 30720K, 96% used [0x00000000f0400000,0x00000000f20d8000,0x00000000f2200000)
  to   space 35840K, 0% used [0x00000000ee100000,0x00000000ee100000,0x00000000f0400000)
 ParOldGen       total 217600K, used 125442K [0x00000000c1600000, 0x00000000cea80000, 0x00000000eb200000)
  object space 217600K, 57% used [0x00000000c1600000,0x00000000c9080ad0,0x00000000cea80000)
 Metaspace       used 4043K, capacity 4736K, committed 4864K, reserved 1056768K
  class space    used 438K, capacity 496K, committed 512K, reserved 1048576K
}
Event: 2.769 GC heap before
{Heap before GC invocations=10 (full 3):
 PSYoungGen      total 78848K, used 77664K [0x00000000eb200000, 0x00000000f3280000, 0x0000000100000000)
  eden space 48128K, 100% used [0x00000000eb200000,0x00000000ee100000,0x00000000ee100000)
  from space 30720K, 96% used [0x00000000f0400000,0x00000000f20d8000,0x00000000f2200000)
  to   space 35840K, 0% used [0x00000000ee100000,0x00000000ee100000,0x00000000f0400000)
 ParOldGen       total 217600K, used 125442K [0x00000000c1600000, 0x00000000cea80000, 0x00000000eb200000)
  object space 217600K, 57% used [0x00000000c1600000,0x00000000c9080ad0,0x00000000cea80000)
 Metaspace       used 4083K, capacity 4736K, committed 4864K, reserved 1056768K
  class space    used 439K, capacity 496K, committed 512K, reserved 1048576K
Event: 2.887 GC heap after
Heap after GC invocations=10 (full 3):
 PSYoungGen      total 83968K, used 35840K [0x00000000eb200000, 0x00000000f3280000, 0x0000000100000000)
  eden space 48128K, 0% used [0x00000000eb200000,0x00000000eb200000,0x00000000ee100000)
  from space 35840K, 100% used [0x00000000ee100000,0x00000000f0400000,0x00000000f0400000)
  to   space 30720K, 0% used [0x00000000f0400000,0x00000000f0400000,0x00000000f2200000)
 ParOldGen       total 217600K, used 146558K [0x00000000c1600000, 0x00000000cea80000, 0x00000000eb200000)
  object space 217600K, 67% used [0x00000000c1600000,0x00000000ca51fb70,0x00000000cea80000)
 Metaspace       used 4083K, capacity 4736K, committed 4864K, reserved 1056768K
  class space    used 439K, capacity 496K, committed 512K, reserved 1048576K
}
Event: 3.078 GC heap before
{Heap before GC invocations=11 (full 3):
 PSYoungGen      total 83968K, used 83968K [0x00000000eb200000, 0x00000000f3280000, 0x0000000100000000)
  eden space 48128K, 100% used [0x00000000eb200000,0x00000000ee100000,0x00000000ee100000)
  from space 35840K, 100% used [0x00000000ee100000,0x00000000f0400000,0x00000000f0400000)
  to   space 30720K, 0% used [0x00000000f0400000,0x00000000f0400000,0x00000000f2200000)
 ParOldGen       total 217600K, used 146558K [0x00000000c1600000, 0x00000000cea80000, 0x00000000eb200000)
  object space 217600K, 67% used [0x00000000c1600000,0x00000000ca51fb70,0x00000000cea80000)
 Metaspace       used 4090K, capacity 4736K, committed 4864K, reserved 1056768K
  class space    used 439K, capacity 496K, committed 512K, reserved 1048576K

Deoptimization events (5 events):
Event: 0.327 Thread 0x0000000002d23800 Uncommon trap: reason=unstable_if action=reinterpret pc=0x0000000002f567fc method=sun.nio.cs.UTF_8$Decoder.decode([BII[C)I @ 67
Event: 0.443 Thread 0x0000000002d23800 Uncommon trap: reason=unstable_if action=reinterpret pc=0x0000000002f65c9c method=sun.nio.cs.UTF_8$Decoder.decode([BII[C)I @ 54
Event: 0.485 Thread 0x0000000002d23800 Uncommon trap: reason=unstable_if action=reinterpret pc=0x0000000002f5a5b4 method=sun.nio.cs.UTF_8$Decoder.decode([BII[C)I @ 54
Event: 2.722 Thread 0x0000000002d23800 Uncommon trap: reason=unstable_if action=reinterpret pc=0x0000000002f94068 method=java.util.HashMap.getNode(ILjava/lang/Object;)Ljava/util/HashMap$Node; @ 37
Event: 2.723 Thread 0x0000000002d23800 Uncommon trap: reason=unstable_if action=reinterpret pc=0x0000000002f92448 method=java.util.HashMap.getNode(ILjava/lang/Object;)Ljava/util/HashMap$Node; @ 37

Internal exceptions (2 events):
Event: 0.080 Thread 0x0000000002d23800 Exception <a 'java/lang/NoSuchMethodError': Method sun.misc.Unsafe.defineClass(Ljava/lang/String;[BII)Ljava/lang/Class; name or signature does not match> (0x00000000eb207ca8) thrown at [C:\re\workspace\8-2-build-windows-amd64-cygwin\jdk8u144\9417\hotspot\
Event: 0.080 Thread 0x0000000002d23800 Exception <a 'java/lang/NoSuchMethodError': Method sun.misc.Unsafe.prefetchRead(Ljava/lang/Object;J)V name or signature does not match> (0x00000000eb207f90) thrown at [C:\re\workspace\8-2-build-windows-amd64-cygwin\jdk8u144\9417\hotspot\src\share\vm\prims

Events (10 events):
Event: 3.042 Thread 0x0000000002d23800 DEOPT UNPACKING pc=0x0000000002e6787f sp=0x0000000002c1ed80 mode 0
Event: 3.052 Thread 0x0000000002d23800 DEOPT PACKING pc=0x0000000002febcc2 sp=0x0000000002c1efb0
Event: 3.052 Thread 0x0000000002d23800 DEOPT UNPACKING pc=0x0000000002e6787f sp=0x0000000002c1ed80 mode 0
Event: 3.061 Thread 0x0000000002d23800 DEOPT PACKING pc=0x0000000002febcc2 sp=0x0000000002c1efb0
Event: 3.061 Thread 0x0000000002d23800 DEOPT UNPACKING pc=0x0000000002e6787f sp=0x0000000002c1ed80 mode 0
Event: 3.071 Thread 0x0000000002d23800 DEOPT PACKING pc=0x0000000002febcc2 sp=0x0000000002c1efb0
Event: 3.071 Thread 0x0000000002d23800 DEOPT UNPACKING pc=0x0000000002e6787f sp=0x0000000002c1ed80 mode 0
Event: 3.077 Thread 0x0000000002d23800 DEOPT PACKING pc=0x0000000002febcc2 sp=0x0000000002c1efb0
Event: 3.077 Thread 0x0000000002d23800 DEOPT UNPACKING pc=0x0000000002e6787f sp=0x0000000002c1ed80 mode 0
Event: 3.078 Executing VM operation: ParallelGCFailedAllocation


Dynamic libraries:
0x00007ff764c00000 - 0x00007ff764c37000 	C:\Program Files\Java\jdk1.8.0_144\bin\java.exe
0x00007ffae75f0000 - 0x00007ffae77d1000 	C:\WINDOWS\SYSTEM32\ntdll.dll
0x00007ffae7500000 - 0x00007ffae75b2000 	C:\WINDOWS\System32\KERNEL32.DLL
0x00007ffae4540000 - 0x00007ffae47b3000 	C:\WINDOWS\System32\KERNELBASE.dll
0x00007ffae5680000 - 0x00007ffae5721000 	C:\WINDOWS\System32\ADVAPI32.dll
0x00007ffae5180000 - 0x00007ffae521e000 	C:\WINDOWS\System32\msvcrt.dll
0x00007ffae5760000 - 0x00007ffae57bb000 	C:\WINDOWS\System32\sechost.dll
0x00007ffae4aa0000 - 0x00007ffae4bc4000 	C:\WINDOWS\System32\RPCRT4.dll
0x00007ffae7350000 - 0x00007ffae74e0000 	C:\WINDOWS\System32\USER32.dll
0x00007ffae47c0000 - 0x00007ffae47e0000 	C:\WINDOWS\System32\win32u.dll
0x00007ffae5730000 - 0x00007ffae5758000 	C:\WINDOWS\System32\GDI32.dll
0x00007ffae4280000 - 0x00007ffae4412000 	C:\WINDOWS\System32\gdi32full.dll
0x00007ffae4420000 - 0x00007ffae44bf000 	C:\WINDOWS\System32\msvcp_win.dll
0x00007ffae4120000 - 0x00007ffae421a000 	C:\WINDOWS\System32\ucrtbase.dll
0x00007ffad4a10000 - 0x00007ffad4c79000 	C:\WINDOWS\WinSxS\amd64_microsoft.windows.common-controls_6595b64144ccf1df_6.0.17134.112_none_fb3f961b30681c12\COMCTL32.dll
0x00007ffae4e50000 - 0x00007ffae5173000 	C:\WINDOWS\System32\combase.dll
0x00007ffae44c0000 - 0x00007ffae453a000 	C:\WINDOWS\System32\bcryptPrimitives.dll
0x00007ffae72b0000 - 0x00007ffae72dd000 	C:\WINDOWS\System32\IMM32.DLL
0x0000000062770000 - 0x0000000062842000 	C:\Program Files\Java\jdk1.8.0_144\jre\bin\msvcr100.dll
0x0000000061ed0000 - 0x000000006276d000 	C:\Program Files\Java\jdk1.8.0_144\jre\bin\server\jvm.dll
0x00007ffae4a90000 - 0x00007ffae4a98000 	C:\WINDOWS\System32\PSAPI.DLL
0x00007ffae0180000 - 0x00007ffae0189000 	C:\WINDOWS\SYSTEM32\WSOCK32.dll
0x00007ffae72e0000 - 0x00007ffae734c000 	C:\WINDOWS\System32\WS2_32.dll
0x00007ffae07b0000 - 0x00007ffae07d3000 	C:\WINDOWS\SYSTEM32\WINMM.dll
0x00007ffad4f50000 - 0x00007ffad4f5a000 	C:\WINDOWS\SYSTEM32\VERSION.dll
0x00007ffae0770000 - 0x00007ffae079a000 	C:\WINDOWS\SYSTEM32\WINMMBASE.dll
0x00007ffae40d0000 - 0x00007ffae4119000 	C:\WINDOWS\System32\cfgmgr32.dll
0x0000000064730000 - 0x000000006473f000 	C:\Program Files\Java\jdk1.8.0_144\jre\bin\verify.dll
0x0000000061ea0000 - 0x0000000061ec9000 	C:\Program Files\Java\jdk1.8.0_144\jre\bin\java.dll
0x0000000061e50000 - 0x0000000061e73000 	C:\Program Files\Java\jdk1.8.0_144\jre\bin\instrument.dll
0x0000000061e80000 - 0x0000000061e96000 	C:\Program Files\Java\jdk1.8.0_144\jre\bin\zip.dll
0x00007ffae58b0000 - 0x00007ffae6cf0000 	C:\WINDOWS\System32\SHELL32.dll
0x00007ffae4ca0000 - 0x00007ffae4d49000 	C:\WINDOWS\System32\shcore.dll
0x00007ffae39c0000 - 0x00007ffae40cd000 	C:\WINDOWS\System32\windows.storage.dll
0x00007ffae53c0000 - 0x00007ffae5411000 	C:\WINDOWS\System32\shlwapi.dll
0x00007ffae3950000 - 0x00007ffae3961000 	C:\WINDOWS\System32\kernel.appcore.dll
0x00007ffae39a0000 - 0x00007ffae39bf000 	C:\WINDOWS\System32\profapi.dll
0x00007ffae3900000 - 0x00007ffae394c000 	C:\WINDOWS\System32\powrprof.dll
0x00007ffae3990000 - 0x00007ffae399a000 	C:\WINDOWS\System32\FLTLIB.DLL
0x00007fface110000 - 0x00007fface12a000 	C:\Program Files\JetBrains\IntelliJ IDEA Community Edition 2017.2.5\bin\breakgen64.dll
0x0000000061d40000 - 0x0000000061d5a000 	C:\Program Files\Java\jdk1.8.0_144\jre\bin\net.dll
0x00007ffae3180000 - 0x00007ffae31e6000 	C:\WINDOWS\system32\mswsock.dll
0x0000000061d20000 - 0x0000000061d31000 	C:\Program Files\Java\jdk1.8.0_144\jre\bin\nio.dll

VM Arguments:
jvm_args: -javaagent:C:\Program Files\JetBrains\IntelliJ IDEA Community Edition 2017.2.5\lib\idea_rt.jar=53311:C:\Program Files\JetBrains\IntelliJ IDEA Community Edition 2017.2.5\bin -Dfile.encoding=UTF-8 
java_command: BusTransportVolumeVisualization
java_class_path (initial): C:\Program Files\Java\jdk1.8.0_144\jre\lib\charsets.jar;C:\Program Files\Java\jdk1.8.0_144\jre\lib\deploy.jar;C:\Program Files\Java\jdk1.8.0_144\jre\lib\ext\access-bridge-64.jar;C:\Program Files\Java\jdk1.8.0_144\jre\lib\ext\cldrdata.jar;C:\Program Files\Java\jdk1.8.0_144\jre\lib\ext\dnsns.jar;C:\Program Files\Java\jdk1.8.0_144\jre\lib\ext\jaccess.jar;C:\Program Files\Java\jdk1.8.0_144\jre\lib\ext\jfxrt.jar;C:\Program Files\Java\jdk1.8.0_144\jre\lib\ext\localedata.jar;C:\Program Files\Java\jdk1.8.0_144\jre\lib\ext\nashorn.jar;C:\Program Files\Java\jdk1.8.0_144\jre\lib\ext\sunec.jar;C:\Program Files\Java\jdk1.8.0_144\jre\lib\ext\sunjce_provider.jar;C:\Program Files\Java\jdk1.8.0_144\jre\lib\ext\sunmscapi.jar;C:\Program Files\Java\jdk1.8.0_144\jre\lib\ext\sunpkcs11.jar;C:\Program Files\Java\jdk1.8.0_144\jre\lib\ext\zipfs.jar;C:\Program Files\Java\jdk1.8.0_144\jre\lib\javaws.jar;C:\Program Files\Java\jdk1.8.0_144\jre\lib\jce.jar;C:\Program Files\Java\jdk1.8.0_144\jre\lib\jfr.jar;C:\Program Files\Java\jdk1.8.0_144\jre\lib\jfxswt.jar;C:\Program Files\Java\jdk1.8.0_144\jre\lib\jsse.jar;C:\Program Files\Java\jdk1.8.0_144\jre\lib\management-agent.jar;C:\Program Files\Java\jdk1.8.0_144\jre\lib\plugin.jar;C:\Program Files\Java\jdk1.8.0_144\jre\lib\resources.jar;C:\Program Files\Java\jdk1.8.0_144\jre\lib\rt.jar;C:\Users\Gilberto\Projects\BusTransportVolume\target\classes;C:\Users\Gilberto\.m2\repository\org\json\json\20180130\json-20180130.jar;C:\Users\Gilberto\.m2\repository\org\apache\commons\commons-lang3\3.7\commons-lang3-3.7.jar;C:\Users\Gilberto\.m2\repository\org\apache\httpcomponents\httpclient\4.5.1\httpclient-4.5.1.jar;C:\Users\Gilberto\.m2\repository\org\apache\httpcomponents\httpcore\4.4.3\httpcore-4.4.3.jar;C:\Users\Gilberto\.m2\repository\commons-logging\commons-logging\1.2\commons-logging-1.2.jar;C:\Users\Gilberto\.m2\repository\commons-codec\commons-codec\1.9\commons-codec-1.9.jar;C:\Users\Gilberto\.m2\repository\com\sun\jersey\jers
Launcher Type: SUN_STANDARD

Environment Variables:
JAVA_HOME=C:\Program Files\Java\jdk1.8.0_144
PATH=C:\Program Files (x86)\Cuminas\Document Express DjVu Plug-in\;C:\ProgramData\Oracle\Java\javapath;C:\Python27\;C:\Python27\Scripts;C:\Program Files\Microsoft MPI\Bin\;C:\WINDOWS\system32;C:\WINDOWS;C:\WINDOWS\System32\Wbem;C:\WINDOWS\System32\WindowsPowerShell\v1.0\;C:\Program Files (x86)\ATI Technologies\ATI.ACE\Core-Static;C:\Program Files (x86)\AMD\ATI.ACE\Core-Static;C:\Program Files\Microsoft SQL Server\130\Tools\Binn\;C:\Program Files\dotnet\;C:\Program Files (x86)\GtkSharp\2.12\bin;C:\Program Files\nodejs\;C:\Portables\php56;C:\Program Files\MySQL\MySQL Server 5.7\bin;C:\Program Files (x86)\OpenVPN\bin;C:\Program Files (x86)\Skype\Phone\;C:\Program Files\CMake\bin;C:\Program Files (x86)\Microsoft Visual Studio\2017\Community\MSBuild\15.0\Bin;C:\Program Files\Java\jdk1.8.0_144\bin\;C:\Program Files\PuTTY\;C:\Program Files\Oracle\VirtualBox;C:\Portables\cmder;C:\Program Files (x86)\WinSCP\;C:\WINDOWS\System32\OpenSSH\;C:\Program Files\Git\cmd;C:\Program Files\PostgreSQL\10\bin;C:\Program Files\MATLAB\R2012b\runtime\win64;C:\Program Files\MATLAB\R2012b\bin;C:\Users\Gilberto\.cargo\bin;C:\Ruby25-x64\bin;C:\Users\Gilberto\AppData\Local\Microsoft\WindowsApps;C:\Users\Gilberto\AppData\Roaming\npm;C:\Portables\nwjs_sdk;C:\Program Files\Microsoft VS Code\bin;C:\MinGW\bin;C:\MinGW\mingw32\bin;
USERNAME=Gilberto
OS=Windows_NT
PROCESSOR_IDENTIFIER=Intel64 Family 6 Model 142 Stepping 9, GenuineIntel



---------------  S Y S T E M  ---------------

OS: Windows 10.0 , 64 bit Build 17134 (10.0.17134.1)

CPU:total 4 (initial active 4) (2 cores per cpu, 2 threads per core) family 6 model 142 stepping 9, cmov, cx8, fxsr, mmx, sse, sse2, sse3, ssse3, sse4.1, sse4.2, popcnt, avx, avx2, aes, clmul, erms, 3dnowpref, lzcnt, ht, tsc, tscinvbit, bmi1, bmi2, adx

Memory: 4k page, physical 4100324k(279592k free), swap 6197476k(3380k free)

vm_info: Java HotSpot(TM) 64-Bit Server VM (25.144-b01) for windows-amd64 JRE (1.8.0_144-b01), built on Jul 21 2017 21:57:33 by "java_re" with MS VC++ 10.0 (VS2010)

time: Wed Jul 11 01:18:03 2018
elapsed time: 3 seconds (0d 0h 0m 3s)

